<?xml version="1.0" encoding="UTF-8"?>
<testsuite name="InvoiceServiceTest" tests="3" skipped="0" failures="0" errors="0" timestamp="2021-04-28T08:02:04" hostname="Sankeths-MacBook-Air.local" time="0.052">
  <properties/>
  <testcase name="givenMinimumDistanceOrTime_ShouldReturnMinimumFare()" classname="InvoiceServiceTest" time="0.044"/>
  <testcase name="givenDistanceAndTime_ShouldReturnTotalFare()" classname="InvoiceServiceTest" time="0.002"/>
  <testcase name="givenMultipleRides_ShouldReturnInvoiceSummary()" classname="InvoiceServiceTest" time="0.004"/>
  <system-out><![CDATA[]]></system-out>
  <system-err><![CDATA[]]></system-err>
</testsuite>
