<?xml version="1.0" encoding="UTF-8"?>
<testsuite name="InvoiceServiceTest" tests="1" skipped="0" failures="0" errors="0" timestamp="2021-04-27T06:34:33" hostname="LAPTOP-K3F64RFE" time="0.048">
  <properties/>
  <testcase name="givenDistanceAndTime_ShouldReturnTotalFare()" classname="InvoiceServiceTest" time="0.048"/>
  <system-out><![CDATA[]]></system-out>
  <system-err><![CDATA[]]></system-err>
</testsuite>
